<?xml version="1.0" encoding="UTF-8"?>
<testng-results ignored="0" total="1" passed="1" failed="0" skipped="0">
  <reporter-output>
  </reporter-output>
  <suite started-at="2023-04-16T15:50:21 IST" name="SanityTest" finished-at="2023-04-16T15:51:25 IST" duration-ms="63480">
    <groups>
    </groups>
    <test started-at="2023-04-16T15:50:21 IST" name="chromeTest" finished-at="2023-04-16T15:51:25 IST" duration-ms="63480">
      <class name="testNGpack.VerifyPhone">
        <test-method is-config="true" signature="launchBrowser(java.lang.String)[pri:0, instance:testNGpack.VerifyPhone@61862a7f]" started-at="2023-04-16T15:50:21 IST" name="launchBrowser" finished-at="2023-04-16T15:50:24 IST" duration-ms="2580" status="PASS">
          <params>
            <param index="0">
              <value>
                <![CDATA[chrome]]>
              </value>
            </param>
          </params>
          <reporter-output>
          </reporter-output>
        </test-method> <!-- launchBrowser -->
        <test-method is-config="true" signature="createPOMobject()[pri:0, instance:testNGpack.VerifyPhone@61862a7f]" started-at="2023-04-16T15:50:24 IST" name="createPOMobject" finished-at="2023-04-16T15:50:24 IST" duration-ms="55" status="PASS">
          <reporter-output>
          </reporter-output>
        </test-method> <!-- createPOMobject -->
        <test-method is-config="true" signature="searchPhone()[pri:0, instance:testNGpack.VerifyPhone@61862a7f]" started-at="2023-04-16T15:50:24 IST" name="searchPhone" finished-at="2023-04-16T15:50:32 IST" duration-ms="8077" status="PASS">
          <reporter-output>
          </reporter-output>
        </test-method> <!-- searchPhone -->
        <test-method signature="verifyTheProductOnFlipkart()[pri:0, instance:testNGpack.VerifyPhone@61862a7f]" started-at="2023-04-16T15:50:32 IST" name="verifyTheProductOnFlipkart" finished-at="2023-04-16T15:51:24 IST" duration-ms="52318" status="PASS">
          <reporter-output>
          </reporter-output>
        </test-method> <!-- verifyTheProductOnFlipkart -->
        <test-method is-config="true" signature="afterMethod()[pri:0, instance:testNGpack.VerifyPhone@61862a7f]" started-at="2023-04-16T15:51:24 IST" name="afterMethod" finished-at="2023-04-16T15:51:24 IST" duration-ms="0" status="PASS">
          <reporter-output>
          </reporter-output>
        </test-method> <!-- afterMethod -->
        <test-method is-config="true" signature="afterClass()[pri:0, instance:testNGpack.VerifyPhone@61862a7f]" started-at="2023-04-16T15:51:24 IST" name="afterClass" finished-at="2023-04-16T15:51:24 IST" duration-ms="1" status="PASS">
          <reporter-output>
          </reporter-output>
        </test-method> <!-- afterClass -->
        <test-method is-config="true" signature="afterTest()[pri:0, instance:testNGpack.VerifyPhone@61862a7f]" started-at="2023-04-16T15:51:24 IST" name="afterTest" finished-at="2023-04-16T15:51:25 IST" duration-ms="379" status="PASS">
          <reporter-output>
          </reporter-output>
        </test-method> <!-- afterTest -->
      </class> <!-- testNGpack.VerifyPhone -->
    </test> <!-- chromeTest -->
  </suite> <!-- SanityTest -->
</testng-results>
